2025-11-23 12:06:55 - tour_service - INFO - get:33 - Найдено туров: 4
2025-11-23 12:07:24 - tour_service - INFO - get:232 - Найдено доступных туров: 4
2025-11-23 12:08:18 - tour_service - INFO - post:89 - Создан тур: ID 5 для направления 'Париж'
2025-11-30 13:40:10 - tour_service - INFO - get:69 - Найдено туров: 5
2025-11-30 13:40:30 - tour_service - INFO - get:364 - Найдено доступных туров: 5
2025-11-30 13:41:14 - tour_service - ERROR - _process_booking_async:440 - Async booking failed: Working outside of application context.

This typically means that you attempted to use functionality that needed
the current application. To solve this, set up an application context
with app.app_context(). See the documentation for more information.
2025-11-30 13:44:32 - tour_service - ERROR - _process_with_context:440 - Async booking failed: Пользователь 1 уже забронировал тур 1
2025-11-30 13:44:57 - tour_service - INFO - decrease_available_slots:152 - Уменьшены доступные места в туре 3: 8 -> 7
2025-11-30 13:44:57 - tour_service - INFO - create_booking:231 - Тур 3 забронирован пользователем Сергей Иванов
2025-11-30 13:44:57 - tour_service - INFO - decrease_available_slots:152 - Уменьшены доступные места в туре 4: 10 -> 9
2025-11-30 13:44:57 - tour_service - INFO - create_booking:231 - Тур 4 забронирован пользователем Дмитрий Соколов
2025-11-30 13:44:57 - tour_service - INFO - decrease_available_slots:152 - Уменьшены доступные места в туре 5: 10 -> 9
2025-11-30 13:44:57 - tour_service - INFO - create_booking:231 - Тур 5 забронирован пользователем Андрей Карпенко
2025-11-30 13:45:39 - tour_service - INFO - decrease_available_slots:152 - Уменьшены доступные места в туре 4: 9 -> 8
2025-11-30 13:45:39 - tour_service - INFO - create_booking:231 - Тур 4 забронирован пользователем Сергей Иванов
2025-11-30 13:48:02 - tour_service - INFO - decrease_available_slots:152 - Уменьшены доступные места в туре 4: 9 -> 8
2025-11-30 13:48:02 - tour_service - INFO - create_booking:231 - Тур 4 забронирован пользователем Сергей Иванов
2025-11-30 13:48:23 - tour_service - INFO - decrease_available_slots:152 - Уменьшены доступные места в туре 3: 7 -> 6
2025-11-30 13:48:23 - tour_service - INFO - create_booking:231 - Тур 3 забронирован пользователем Андрей Карпенко
2025-12-05 18:09:55 - tour_service - INFO - decrease_available_slots:152 - Уменьшены доступные места в туре 3: 6 -> 5
2025-12-05 18:09:55 - tour_service - INFO - create_booking:231 - Тур 3 забронирован пользователем Тест Тестов
2025-12-05 18:09:55 - tour_service - INFO - decrease_available_slots:152 - Уменьшены доступные места в туре 5: 9 -> 8
2025-12-05 18:09:55 - tour_service - INFO - create_booking:231 - Тур 5 забронирован пользователем Дмитрий Соколов
2025-12-05 18:10:19 - tour_service - INFO - get:69 - Найдено туров: 5
2025-12-07 11:31:41 - tour_service - INFO - post:144 - Создан тур: ID 3 для направления 'Тестовый Париж'
2025-12-07 11:31:52 - tour_service - INFO - get:69 - Найдено туров: 2
2025-12-07 11:32:18 - tour_service - INFO - get:69 - Найдено туров: 1
2025-12-07 11:32:19 - tour_service - INFO - get:364 - Найдено доступных туров: 1
2025-12-07 11:32:21 - tour_service - INFO - decrease_available_slots:152 - Уменьшены доступные места в туре 1: 10 -> 9
2025-12-07 11:32:21 - tour_service - INFO - create_booking:231 - Тур 1 забронирован пользователем Тестовый Пользователь
2025-12-07 11:32:33 - tour_service - INFO - decrease_available_slots:152 - Уменьшены доступные места в туре 1: 10 -> 8
2025-12-07 11:42:53 - tour_service - INFO - decrease_available_slots:152 - Уменьшены доступные места в туре 1: 5 -> 4
2025-12-07 11:42:53 - tour_service - INFO - create_booking:231 - Тур 1 забронирован пользователем Тест Иванов
2025-12-07 11:42:57 - tour_service - INFO - post:144 - Создан тур: ID 3 для направления 'Тестовый Париж'
2025-12-07 11:43:08 - tour_service - INFO - get:69 - Найдено туров: 2
2025-12-07 11:43:25 - tour_service - INFO - decrease_available_slots:152 - Уменьшены доступные места в туре 1: 10 -> 9
2025-12-07 11:43:25 - tour_service - INFO - create_booking:231 - Тур 1 забронирован пользователем Тестовый Пользователь
2025-12-07 11:43:33 - tour_service - INFO - get:69 - Найдено туров: 1
2025-12-07 11:43:37 - tour_service - INFO - get:364 - Найдено доступных туров: 1
2025-12-07 11:43:48 - tour_service - INFO - decrease_available_slots:152 - Уменьшены доступные места в туре 1: 10 -> 8
2025-12-07 11:53:17 - tour_service - INFO - decrease_available_slots:152 - Уменьшены доступные места в туре 1: 5 -> 4
2025-12-07 11:53:17 - tour_service - INFO - create_booking:231 - Тур 1 забронирован пользователем Тест Иванов
2025-12-07 11:53:24 - tour_service - INFO - post:144 - Создан тур: ID 3 для направления 'Тестовый Париж'
2025-12-07 11:53:32 - tour_service - INFO - get:69 - Найдено туров: 2
2025-12-07 11:53:48 - tour_service - INFO - decrease_available_slots:152 - Уменьшены доступные места в туре 1: 10 -> 9
2025-12-07 11:53:48 - tour_service - INFO - create_booking:231 - Тур 1 забронирован пользователем Тестовый Пользователь
2025-12-07 11:53:57 - tour_service - INFO - get:69 - Найдено туров: 1
2025-12-07 11:53:59 - tour_service - INFO - get:364 - Найдено доступных туров: 1
2025-12-07 11:54:18 - tour_service - INFO - decrease_available_slots:152 - Уменьшены доступные места в туре 1: 10 -> 8
2025-12-07 11:59:43 - tour_service - INFO - decrease_available_slots:152 - Уменьшены доступные места в туре 1: 5 -> 4
2025-12-07 11:59:43 - tour_service - INFO - create_booking:231 - Тур 1 забронирован пользователем Тест Иванов
2025-12-07 11:59:49 - tour_service - INFO - post:144 - Создан тур: ID 3 для направления 'Тестовый Париж'
2025-12-07 11:59:58 - tour_service - INFO - get:69 - Найдено туров: 2
2025-12-07 12:00:16 - tour_service - INFO - decrease_available_slots:152 - Уменьшены доступные места в туре 1: 10 -> 9
2025-12-07 12:00:16 - tour_service - INFO - create_booking:231 - Тур 1 забронирован пользователем Тестовый Пользователь
2025-12-07 12:00:26 - tour_service - INFO - get:69 - Найдено туров: 1
2025-12-07 12:00:28 - tour_service - INFO - get:364 - Найдено доступных туров: 1
2025-12-07 12:00:46 - tour_service - INFO - decrease_available_slots:152 - Уменьшены доступные места в туре 1: 10 -> 8
2025-12-07 12:04:02 - tour_service - INFO - decrease_available_slots:152 - Уменьшены доступные места в туре 1: 5 -> 4
2025-12-07 12:04:02 - tour_service - INFO - create_booking:231 - Тур 1 забронирован пользователем Тест Иванов
2025-12-07 12:04:08 - tour_service - INFO - post:144 - Создан тур: ID 3 для направления 'Тестовый Париж'
2025-12-07 12:04:17 - tour_service - INFO - get:69 - Найдено туров: 2
2025-12-07 12:04:42 - tour_service - INFO - get:69 - Найдено туров: 1
2025-12-07 12:04:43 - tour_service - INFO - get:364 - Найдено доступных туров: 1
2025-12-07 12:04:45 - tour_service - INFO - decrease_available_slots:152 - Уменьшены доступные места в туре 1: 10 -> 9
2025-12-07 12:04:45 - tour_service - INFO - create_booking:231 - Тур 1 забронирован пользователем Тестовый Пользователь
2025-12-07 12:05:04 - tour_service - INFO - decrease_available_slots:152 - Уменьшены доступные места в туре 1: 10 -> 8
2025-12-07 12:09:40 - tour_service - INFO - decrease_available_slots:152 - Уменьшены доступные места в туре 1: 5 -> 4
2025-12-07 12:09:40 - tour_service - INFO - create_booking:231 - Тур 1 забронирован пользователем Тест Иванов
2025-12-07 12:09:44 - tour_service - INFO - post:144 - Создан тур: ID 3 для направления 'Тестовый Париж'
2025-12-07 12:09:54 - tour_service - INFO - get:69 - Найдено туров: 2
2025-12-07 12:10:18 - tour_service - INFO - get:69 - Найдено туров: 1
2025-12-07 12:10:21 - tour_service - INFO - get:364 - Найдено доступных туров: 1
2025-12-07 12:10:23 - tour_service - INFO - decrease_available_slots:152 - Уменьшены доступные места в туре 1: 10 -> 9
2025-12-07 12:10:23 - tour_service - INFO - create_booking:231 - Тур 1 забронирован пользователем Тестовый Пользователь
2025-12-07 12:10:42 - tour_service - INFO - decrease_available_slots:152 - Уменьшены доступные места в туре 1: 10 -> 8
2025-12-14 14:15:50 - tour_service - INFO - get:69 - Найдено туров: 3
2025-12-14 14:17:48 - tour_service - INFO - get:69 - Найдено туров: 3
2025-12-14 14:20:02 - tour_service - INFO - post:144 - Создан тур: ID 4 для направления 'Париж'
2025-12-14 14:21:18 - tour_service - INFO - get:364 - Найдено доступных туров: 4
2025-12-14 14:24:32 - tour_service - WARNING - post:117 - Ошибка валидации данных тура: [{'field': '', 'message': "Additional properties are not allowed ('price' was unexpected)", 'value': {'destination_id': 4, 'start_date': '2025-01-15', 'end_date': '2025-01-23', 'available_slots': 12, 'price': 3200.5, 'is_active': True}}]
2025-12-14 14:27:39 - tour_service - INFO - post:144 - Создан тур: ID 5 для направления 'Нью-Йорк'
2025-12-14 14:27:56 - tour_service - INFO - get:69 - Найдено туров: 5
2025-12-14 14:28:31 - tour_service - INFO - delete:323 - Тур удален: ID 4
2025-12-14 14:28:36 - tour_service - INFO - delete:323 - Тур удален: ID 5
2025-12-14 14:28:42 - tour_service - INFO - get:69 - Найдено туров: 3
2025-12-14 14:29:45 - tour_service - INFO - post:144 - Создан тур: ID 4 для направления 'Нью-Йорк'
2025-12-14 14:33:14 - tour_service - INFO - post:144 - Создан тур: ID 5 для направления 'Швейцарские Альпы'
2025-12-14 14:34:06 - tour_service - INFO - get:364 - Найдено доступных туров: 5
2025-12-14 14:35:22 - tour_service - INFO - decrease_available_slots:152 - Уменьшены доступные места в туре 5: 12 -> 11
2025-12-14 14:35:22 - tour_service - INFO - create_booking:231 - Тур 5 забронирован пользователем Иван Иванов
2025-12-14 14:43:48 - tour_service - WARNING - post:117 - Ошибка валидации данных тура: [{'field': '', 'message': "'price' is a required property", 'value': {'destination_id': 1, 'start_date': '2024-12-25', 'end_date': '2024-12-15'}}]
2025-12-14 14:45:05 - tour_service - INFO - decrease_available_slots:152 - Уменьшены доступные места в туре 2: 3 -> 2
2025-12-14 14:45:05 - tour_service - INFO - create_booking:231 - Тур 2 забронирован пользователем Иван Иванов
2025-12-14 14:45:40 - tour_service - INFO - decrease_available_slots:152 - Уменьшены доступные места в туре 2: 2 -> 1
2025-12-14 14:45:40 - tour_service - INFO - create_booking:231 - Тур 2 забронирован пользователем Мария Иванова
2025-12-14 14:45:47 - tour_service - INFO - decrease_available_slots:152 - Уменьшены доступные места в туре 2: 1 -> 0
2025-12-14 14:45:47 - tour_service - INFO - create_booking:231 - Тур 2 забронирован пользователем Дмитрий Соколов
2025-12-14 15:30:19 - tour_service - INFO - get:69 - Найдено туров: 5
2026-02-24 22:29:03 - tour_service - INFO - get:69 - Найдено туров: 3
2026-03-06 03:14:01 - tour_service - INFO - decrease_available_slots:152 - Уменьшены доступные места в туре 2: 3 -> 2
2026-03-06 03:14:01 - tour_service - INFO - create_booking:231 - Тур 2 забронирован пользователем Jack
2026-03-06 03:14:01 - tour_service - INFO - decrease_available_slots:152 - Уменьшены доступные места в туре 3: 8 -> 7
2026-03-06 03:14:01 - tour_service - INFO - create_booking:231 - Тур 3 забронирован пользователем Jack
2026-03-06 03:51:32 - tour_service - INFO - get:69 - Найдено туров: 3
